<?xml version="1.0" encoding="UTF-8"?>
<testng-results skipped="0" failed="0" total="1" passed="1">
  <reporter-output>
  </reporter-output>
  <suite name="Suite" duration-ms="109685" started-at="2015-11-25T11:43:33Z" finished-at="2015-11-25T11:45:23Z">
    <groups>
    </groups>
    <test name="Test" duration-ms="109685" started-at="2015-11-25T11:43:33Z" finished-at="2015-11-25T11:45:23Z">
      <class name="Example.NewTest">
        <test-method status="PASS" signature="beforeTest()[pri:0, instance:Example.NewTest@1d251891]" name="beforeTest" is-config="true" duration-ms="5798" started-at="2015-11-25T17:13:33Z" finished-at="2015-11-25T17:13:39Z">
          <reporter-output>
          </reporter-output>
        </test-method> <!-- beforeTest -->
        <test-method status="PASS" signature="testEasy()[pri:0, instance:Example.NewTest@1d251891]" name="testEasy" duration-ms="102572" started-at="2015-11-25T17:13:39Z" finished-at="2015-11-25T17:15:21Z">
          <reporter-output>
          </reporter-output>
        </test-method> <!-- testEasy -->
        <test-method status="PASS" signature="afterTest()[pri:0, instance:Example.NewTest@1d251891]" name="afterTest" is-config="true" duration-ms="1305" started-at="2015-11-25T17:15:21Z" finished-at="2015-11-25T17:15:23Z">
          <reporter-output>
          </reporter-output>
        </test-method> <!-- afterTest -->
      </class> <!-- Example.NewTest -->
    </test> <!-- Test -->
  </suite> <!-- Suite -->
</testng-results>
